0 info it worked if it ends with ok
1 verbose cli [
1 verbose cli   'C:\\Program Files (x86)\\Nodist\\v-x64\\12.16.3\\node.exe',
1 verbose cli   'C:\\Program Files (x86)\\Nodist\\npmv\\4.0.5\\bin\\npm-cli.js',
1 verbose cli   'start'
1 verbose cli ]
2 info using npm@4.0.5
3 info using node@v12.16.3
4 verbose run-script [ 'prestart', 'start', 'poststart' ]
5 info lifecycle project_1@1.0.0~prestart: project_1@1.0.0
6 warn lifecycle The node binary used for scripts is C:\Program Files (x86)\Nodist\bin\node.exe but npm is using C:\Program Files (x86)\Nodist\v-x64\12.16.3\node.exe itself. Use the `--scripts-prepend-node-path` option to include the path for the node binary npm was executed with.
7 silly lifecycle project_1@1.0.0~prestart: no script for prestart, continuing
8 info lifecycle project_1@1.0.0~start: project_1@1.0.0
9 verbose lifecycle project_1@1.0.0~start: unsafe-perm in lifecycle true
10 verbose lifecycle project_1@1.0.0~start: PATH: C:\Program Files (x86)\Nodist\npmv\4.0.5\bin\node-gyp-bin;C:\Typescript POC\Typescript\project_1\node_modules\.bin;C:\Program Files\Common Files\Oracle\Java\javapath;C:\Program Files (x86)\VMware\VMware Player\bin\;C:\Windows\system32;C:\Windows;C:\Windows\System32\Wbem;C:\Windows\System32\WindowsPowerShell\v1.0\;C:\Windows\System32\OpenSSH\;C:\Program Files\NVIDIA Corporation\NVIDIA NvDLISR;C:\Program Files (x86)\Nodist\bin;C:\Program Files\Git\cmd;C:\Users\kasip\AppData\Local\Microsoft\WindowsApps;;C:\Users\kasip\AppData\Local\Programs\Microsoft VS Code\bin;C:\Program Files (x86)\Nodist\bin
11 verbose lifecycle project_1@1.0.0~start: CWD: C:\Typescript POC\Typescript\project_1
12 silly lifecycle project_1@1.0.0~start: Args: [ '/d /s /c', 'lite-server' ]
13 verbose stack Error: kill ENOSYS
13 verbose stack     at process.kill (internal/process/per_thread.js:197:13)
13 verbose stack     at process.listener (C:\Program Files (x86)\Nodist\npmv\4.0.5\node_modules\npmlog\node_modules\gauge\node_modules\signal-exit\index.js:86:15)
13 verbose stack     at process.emit (events.js:322:22)
14 verbose cwd C:\Typescript POC\Typescript\project_1
15 error Windows_NT 10.0.19042
16 error argv "C:\\Program Files (x86)\\Nodist\\v-x64\\12.16.3\\node.exe" "C:\\Program Files (x86)\\Nodist\\npmv\\4.0.5\\bin\\npm-cli.js" "start"
17 error node v12.16.3
18 error npm  v4.0.5
19 error code ENOSYS
20 error errno ENOSYS
21 error syscall kill
22 error kill ENOSYS
23 error If you need help, you may report this error at:
23 error     <https://github.com/npm/npm/issues>
24 verbose exit [ 1, true ]
