0 info it worked if it ends with ok
1 verbose cli [
1 verbose cli   'C:\\Program Files (x86)\\Nodist\\v-x64\\12.16.3\\node.exe',
1 verbose cli   'C:\\Program Files (x86)\\Nodist\\npmv\\4.0.5\\bin\\npm-cli.js',
1 verbose cli   'start'
1 verbose cli ]
2 info using npm@4.0.5
3 info using node@v12.16.3
4 verbose run-script [ 'prestart', 'start', 'poststart' ]
5 info lifecycle drag_and_drop@1.0.0~prestart: drag_and_drop@1.0.0
6 warn lifecycle The node binary used for scripts is C:\Program Files (x86)\Nodist\bin\node.exe but npm is using C:\Program Files (x86)\Nodist\v-x64\12.16.3\node.exe itself. Use the `--scripts-prepend-node-path` option to include the path for the node binary npm was executed with.
7 silly lifecycle drag_and_drop@1.0.0~prestart: no script for prestart, continuing
8 info lifecycle drag_and_drop@1.0.0~start: drag_and_drop@1.0.0
9 verbose lifecycle drag_and_drop@1.0.0~start: unsafe-perm in lifecycle true
10 verbose lifecycle drag_and_drop@1.0.0~start: PATH: C:\Program Files (x86)\Nodist\npmv\4.0.5\bin\node-gyp-bin;C:\Typescript POC\Typescript\drag_and_drop\node_modules\.bin;C:\Program Files\Common Files\Oracle\Java\javapath;C:\Program Files (x86)\VMware\VMware Player\bin\;C:\Windows\system32;C:\Windows;C:\Windows\System32\Wbem;C:\Windows\System32\WindowsPowerShell\v1.0\;C:\Windows\System32\OpenSSH\;C:\Program Files\NVIDIA Corporation\NVIDIA NvDLISR;C:\Program Files (x86)\Nodist\bin;C:\Program Files\Git\cmd;C:\Users\kasip\AppData\Local\Microsoft\WindowsApps;;C:\Users\kasip\AppData\Local\Programs\Microsoft VS Code\bin;C:\Program Files (x86)\Nodist\bin
11 verbose lifecycle drag_and_drop@1.0.0~start: CWD: C:\Typescript POC\Typescript\drag_and_drop
12 silly lifecycle drag_and_drop@1.0.0~start: Args: [ '/d /s /c', 'lite-server' ]
13 silly lifecycle drag_and_drop@1.0.0~start: Returned: code: 3221225786  signal: null
14 info lifecycle drag_and_drop@1.0.0~start: Failed to exec start script
15 verbose stack Error: drag_and_drop@1.0.0 start: `lite-server`
15 verbose stack Exit status 3221225786
15 verbose stack     at EventEmitter.<anonymous> (C:\Program Files (x86)\Nodist\npmv\4.0.5\lib\utils\lifecycle.js:279:16)
15 verbose stack     at EventEmitter.emit (events.js:310:20)
15 verbose stack     at ChildProcess.<anonymous> (C:\Program Files (x86)\Nodist\npmv\4.0.5\lib\utils\spawn.js:40:14)
15 verbose stack     at ChildProcess.emit (events.js:310:20)
15 verbose stack     at maybeClose (internal/child_process.js:1021:16)
15 verbose stack     at Process.ChildProcess._handle.onexit (internal/child_process.js:286:5)
16 verbose pkgid drag_and_drop@1.0.0
17 verbose cwd C:\Typescript POC\Typescript\drag_and_drop
18 error Windows_NT 10.0.19044
19 error argv "C:\\Program Files (x86)\\Nodist\\v-x64\\12.16.3\\node.exe" "C:\\Program Files (x86)\\Nodist\\npmv\\4.0.5\\bin\\npm-cli.js" "start"
20 error node v12.16.3
21 error npm  v4.0.5
22 error code ELIFECYCLE
23 error drag_and_drop@1.0.0 start: `lite-server`
23 error Exit status 3221225786
24 error Failed at the drag_and_drop@1.0.0 start script 'lite-server'.
24 error Make sure you have the latest version of node.js and npm installed.
24 error If you do, this is most likely a problem with the drag_and_drop package,
24 error not with npm itself.
24 error Tell the author that this fails on your system:
24 error     lite-server
24 error You can get information on how to open an issue for this project with:
24 error     npm bugs drag_and_drop
24 error Or if that isn't available, you can get their info via:
24 error     npm owner ls drag_and_drop
24 error There is likely additional logging output above.
25 verbose exit [ 1, true ]
